nohup: ignoring input
2026-03-29 17:22:25.106 | INFO     | __main__:main_loop:11 - Memecoin Trading Bot starting up (Strategy Chain Active)...
2026-03-29 17:22:25.107 | INFO     | analysis.fusion:__init__:12 - Connected to Redis cache for SignalFusion
2026-03-29 17:22:25.548 | ERROR    | adapters.telegram_mirror:start_listening:29 - Session not authorized. Re-run setup_telegram.py.
2026-03-29 17:22:27.110 | INFO     | __main__:main_loop:24 - Scanning new opportunities & Boosted List...
2026-03-29 17:22:27.385 | ERROR    | __main__:main_loop:67 - Error: 'address'
2026-03-29 17:23:27.389 | INFO     | __main__:main_loop:24 - Scanning new opportunities & Boosted List...
2026-03-29 17:23:27.599 | ERROR    | __main__:main_loop:67 - Error: 'address'
2026-03-29 17:24:27.602 | INFO     | __main__:main_loop:24 - Scanning new opportunities & Boosted List...
2026-03-29 17:24:27.917 | ERROR    | __main__:main_loop:67 - Error: 'address'
2026-03-29 17:25:27.921 | INFO     | __main__:main_loop:24 - Scanning new opportunities & Boosted List...
2026-03-29 17:25:28.150 | ERROR    | __main__:main_loop:67 - Error: 'address'
2026-03-29 17:26:28.201 | INFO     | __main__:main_loop:24 - Scanning new opportunities & Boosted List...
2026-03-29 17:26:28.448 | ERROR    | __main__:main_loop:67 - Error: 'address'
Server closed the connection: 0 bytes read on a total of 8 expected bytes
2026-03-29 17:27:28.480 | INFO     | __main__:main_loop:24 - Scanning new opportunities & Boosted List...
2026-03-29 17:27:28.747 | ERROR    | __main__:main_loop:67 - Error: 'address'
2026-03-29 17:28:28.810 | INFO     | __main__:main_loop:24 - Scanning new opportunities & Boosted List...
Server closed the connection: 0 bytes read on a total of 8 expected bytes
2026-03-29 17:28:29.065 | ERROR    | __main__:main_loop:67 - Error: 'address'
2026-03-29 17:29:29.127 | INFO     | __main__:main_loop:24 - Scanning new opportunities & Boosted List...
2026-03-29 17:29:29.394 | ERROR    | __main__:main_loop:67 - Error: 'address'
Server closed the connection: 0 bytes read on a total of 8 expected bytes
2026-03-29 17:30:29.426 | INFO     | __main__:main_loop:24 - Scanning new opportunities & Boosted List...
2026-03-29 17:30:29.693 | ERROR    | __main__:main_loop:67 - Error: 'address'
2026-03-29 17:31:29.751 | INFO     | __main__:main_loop:24 - Scanning new opportunities & Boosted List...
2026-03-29 17:31:29.986 | ERROR    | __main__:main_loop:67 - Error: 'address'
Server closed the connection: 0 bytes read on a total of 8 expected bytes
2026-03-29 17:32:30.007 | INFO     | __main__:main_loop:24 - Scanning new opportunities & Boosted List...
2026-03-29 17:32:30.210 | ERROR    | __main__:main_loop:67 - Error: 'address'
Server closed the connection: 0 bytes read on a total of 8 expected bytes
2026-03-29 17:33:30.217 | INFO     | __main__:main_loop:24 - Scanning new opportunities & Boosted List...
2026-03-29 17:33:30.418 | ERROR    | __main__:main_loop:67 - Error: 'address'
2026-03-29 17:34:30.456 | INFO     | __main__:main_loop:24 - Scanning new opportunities & Boosted List...
2026-03-29 17:34:30.746 | ERROR    | __main__:main_loop:67 - Error: 'address'
Server closed the connection: 0 bytes read on a total of 8 expected bytes
2026-03-29 17:35:30.793 | INFO     | __main__:main_loop:24 - Scanning new opportunities & Boosted List...
2026-03-29 17:35:31.070 | ERROR    | __main__:main_loop:67 - Error: 'address'
Server closed the connection: 0 bytes read on a total of 8 expected bytes
2026-03-29 17:36:31.072 | INFO     | __main__:main_loop:24 - Scanning new opportunities & Boosted List...
2026-03-29 17:36:31.265 | ERROR    | __main__:main_loop:67 - Error: 'address'
2026-03-29 17:37:31.273 | INFO     | __main__:main_loop:24 - Scanning new opportunities & Boosted List...
2026-03-29 17:37:31.606 | ERROR    | __main__:main_loop:67 - Error: 'address'
Server closed the connection: 0 bytes read on a total of 8 expected bytes
2026-03-29 17:38:31.650 | INFO     | __main__:main_loop:24 - Scanning new opportunities & Boosted List...
2026-03-29 17:38:31.835 | ERROR    | __main__:main_loop:67 - Error: 'address'
Server closed the connection: 0 bytes read on a total of 8 expected bytes
2026-03-29 17:39:31.855 | INFO     | __main__:main_loop:24 - Scanning new opportunities & Boosted List...
2026-03-29 17:39:32.133 | ERROR    | __main__:main_loop:67 - Error: 'address'
2026-03-29 17:40:32.168 | INFO     | __main__:main_loop:24 - Scanning new opportunities & Boosted List...
2026-03-29 17:40:32.426 | ERROR    | __main__:main_loop:67 - Error: 'address'
Server closed the connection: 0 bytes read on a total of 8 expected bytes
2026-03-29 17:41:32.432 | INFO     | __main__:main_loop:24 - Scanning new opportunities & Boosted List...
2026-03-29 17:41:32.659 | ERROR    | __main__:main_loop:67 - Error: 'address'
Server closed the connection: 0 bytes read on a total of 8 expected bytes
2026-03-29 17:42:32.661 | INFO     | __main__:main_loop:24 - Scanning new opportunities & Boosted List...
2026-03-29 17:42:32.949 | ERROR    | __main__:main_loop:67 - Error: 'address'
2026-03-29 17:43:32.977 | INFO     | __main__:main_loop:24 - Scanning new opportunities & Boosted List...
2026-03-29 17:43:33.284 | ERROR    | __main__:main_loop:67 - Error: 'address'
Server closed the connection: 0 bytes read on a total of 8 expected bytes
2026-03-29 17:44:33.330 | INFO     | __main__:main_loop:24 - Scanning new opportunities & Boosted List...
2026-03-29 17:44:33.562 | ERROR    | __main__:main_loop:67 - Error: 'address'
Server closed the connection: 0 bytes read on a total of 8 expected bytes
2026-03-29 17:45:33.577 | INFO     | __main__:main_loop:24 - Scanning new opportunities & Boosted List...
2026-03-29 17:45:33.917 | ERROR    | __main__:main_loop:67 - Error: 'address'
2026-03-29 17:46:33.971 | INFO     | __main__:main_loop:24 - Scanning new opportunities & Boosted List...
2026-03-29 17:46:34.205 | ERROR    | __main__:main_loop:67 - Error: 'address'
Server closed the connection: 0 bytes read on a total of 8 expected bytes
2026-03-29 17:47:34.248 | INFO     | __main__:main_loop:24 - Scanning new opportunities & Boosted List...
2026-03-29 17:47:34.522 | ERROR    | __main__:main_loop:67 - Error: 'address'
Server closed the connection: 0 bytes read on a total of 8 expected bytes
2026-03-29 17:48:34.533 | INFO     | __main__:main_loop:24 - Scanning new opportunities & Boosted List...
2026-03-29 17:48:34.785 | ERROR    | __main__:main_loop:67 - Error: 'address'
2026-03-29 17:49:34.825 | INFO     | __main__:main_loop:24 - Scanning new opportunities & Boosted List...
2026-03-29 17:49:35.042 | ERROR    | __main__:main_loop:67 - Error: 'address'
Server closed the connection: 0 bytes read on a total of 8 expected bytes
2026-03-29 17:50:35.081 | INFO     | __main__:main_loop:24 - Scanning new opportunities & Boosted List...
2026-03-29 17:50:35.308 | ERROR    | __main__:main_loop:67 - Error: 'address'
Server closed the connection: 0 bytes read on a total of 8 expected bytes
2026-03-29 17:51:35.315 | INFO     | __main__:main_loop:24 - Scanning new opportunities & Boosted List...
2026-03-29 17:51:35.568 | ERROR    | __main__:main_loop:67 - Error: 'address'
2026-03-29 17:52:35.580 | INFO     | __main__:main_loop:24 - Scanning new opportunities & Boosted List...
2026-03-29 17:52:35.784 | ERROR    | __main__:main_loop:67 - Error: 'address'
Server closed the connection: 0 bytes read on a total of 8 expected bytes
2026-03-29 17:53:35.821 | INFO     | __main__:main_loop:24 - Scanning new opportunities & Boosted List...
2026-03-29 17:53:36.020 | ERROR    | __main__:main_loop:67 - Error: 'address'
Server closed the connection: 0 bytes read on a total of 8 expected bytes
2026-03-29 17:54:36.024 | INFO     | __main__:main_loop:24 - Scanning new opportunities & Boosted List...
2026-03-29 17:54:36.307 | ERROR    | __main__:main_loop:67 - Error: 'address'
2026-03-29 17:55:36.360 | INFO     | __main__:main_loop:24 - Scanning new opportunities & Boosted List...
2026-03-29 17:55:36.629 | ERROR    | __main__:main_loop:67 - Error: 'address'
Server closed the connection: 0 bytes read on a total of 8 expected bytes
2026-03-29 17:56:36.649 | INFO     | __main__:main_loop:24 - Scanning new opportunities & Boosted List...
2026-03-29 17:56:36.939 | ERROR    | __main__:main_loop:67 - Error: 'address'
2026-03-29 17:57:37.001 | INFO     | __main__:main_loop:24 - Scanning new opportunities & Boosted List...
Server closed the connection: 0 bytes read on a total of 8 expected bytes
2026-03-29 17:57:37.198 | ERROR    | __main__:main_loop:67 - Error: 'address'
2026-03-29 17:58:37.225 | INFO     | __main__:main_loop:24 - Scanning new opportunities & Boosted List...
2026-03-29 17:58:37.465 | ERROR    | __main__:main_loop:67 - Error: 'address'
Server closed the connection: 0 bytes read on a total of 8 expected bytes
2026-03-29 17:59:37.484 | INFO     | __main__:main_loop:24 - Scanning new opportunities & Boosted List...
2026-03-29 17:59:37.776 | ERROR    | __main__:main_loop:67 - Error: 'address'
2026-03-29 18:00:37.790 | INFO     | __main__:main_loop:24 - Scanning new opportunities & Boosted List...
Server closed the connection: 0 bytes read on a total of 8 expected bytes
2026-03-29 18:57:23.802 | ERROR    | __main__:main_loop:67 - Error: 'address'
2026-03-29 18:58:23.816 | INFO     | __main__:main_loop:24 - Scanning new opportunities & Boosted List...
2026-03-29 18:58:24.049 | ERROR    | __main__:main_loop:67 - Error: 'address'
Server closed the connection: 0 bytes read on a total of 8 expected bytes
2026-03-29 18:59:24.076 | INFO     | __main__:main_loop:24 - Scanning new opportunities & Boosted List...
2026-03-29 18:59:24.285 | ERROR    | __main__:main_loop:67 - Error: 'address'
2026-03-29 19:00:24.316 | INFO     | __main__:main_loop:24 - Scanning new opportunities & Boosted List...
2026-03-29 19:00:24.518 | ERROR    | __main__:main_loop:67 - Error: 'address'
Server closed the connection: 0 bytes read on a total of 8 expected bytes
2026-03-29 19:01:24.532 | INFO     | __main__:main_loop:24 - Scanning new opportunities & Boosted List...
2026-03-29 19:01:24.757 | ERROR    | __main__:main_loop:67 - Error: 'address'
Server closed the connection: 0 bytes read on a total of 8 expected bytes
2026-03-29 19:02:24.765 | INFO     | __main__:main_loop:24 - Scanning new opportunities & Boosted List...
2026-03-29 19:02:24.975 | ERROR    | __main__:main_loop:67 - Error: 'address'
2026-03-29 19:03:25.025 | INFO     | __main__:main_loop:24 - Scanning new opportunities & Boosted List...
2026-03-29 19:03:25.292 | ERROR    | __main__:main_loop:67 - Error: 'address'
Server closed the connection: 0 bytes read on a total of 8 expected bytes
2026-03-29 19:04:25.313 | INFO     | __main__:main_loop:24 - Scanning new opportunities & Boosted List...
2026-03-29 19:04:25.542 | ERROR    | __main__:main_loop:67 - Error: 'address'
Server closed the connection: 0 bytes read on a total of 8 expected bytes
2026-03-29 19:05:25.563 | INFO     | __main__:main_loop:24 - Scanning new opportunities & Boosted List...
2026-03-29 19:05:25.763 | ERROR    | __main__:main_loop:67 - Error: 'address'
2026-03-29 19:06:25.819 | INFO     | __main__:main_loop:24 - Scanning new opportunities & Boosted List...
2026-03-29 19:06:26.022 | ERROR    | __main__:main_loop:67 - Error: 'address'
Server closed the connection: 0 bytes read on a total of 8 expected bytes
2026-03-29 19:07:26.072 | INFO     | __main__:main_loop:24 - Scanning new opportunities & Boosted List...
2026-03-29 19:07:26.295 | ERROR    | __main__:main_loop:67 - Error: 'address'
Server closed the connection: 0 bytes read on a total of 8 expected bytes
2026-03-29 19:08:26.313 | INFO     | __main__:main_loop:24 - Scanning new opportunities & Boosted List...
2026-03-29 19:08:26.540 | ERROR    | __main__:main_loop:67 - Error: 'address'
2026-03-29 19:09:26.610 | INFO     | __main__:main_loop:24 - Scanning new opportunities & Boosted List...
2026-03-29 19:09:26.826 | ERROR    | __main__:main_loop:67 - Error: 'address'
Server closed the connection: 0 bytes read on a total of 8 expected bytes
2026-03-29 19:10:26.872 | INFO     | __main__:main_loop:24 - Scanning new opportunities & Boosted List...
2026-03-29 19:10:27.083 | ERROR    | __main__:main_loop:67 - Error: 'address'
Server closed the connection: 0 bytes read on a total of 8 expected bytes
2026-03-29 19:11:27.097 | INFO     | __main__:main_loop:24 - Scanning new opportunities & Boosted List...
2026-03-29 19:11:27.318 | ERROR    | __main__:main_loop:67 - Error: 'address'
2026-03-29 19:12:27.381 | INFO     | __main__:main_loop:24 - Scanning new opportunities & Boosted List...
2026-03-29 19:12:27.610 | ERROR    | __main__:main_loop:67 - Error: 'address'
Server closed the connection: 0 bytes read on a total of 8 expected bytes
2026-03-29 19:13:27.653 | INFO     | __main__:main_loop:24 - Scanning new opportunities & Boosted List...
2026-03-29 19:13:27.948 | ERROR    | __main__:main_loop:67 - Error: 'address'
Server closed the connection: 0 bytes read on a total of 8 expected bytes
2026-03-29 19:14:27.959 | INFO     | __main__:main_loop:24 - Scanning new opportunities & Boosted List...
2026-03-29 19:14:28.137 | ERROR    | __main__:main_loop:67 - Error: 'address'
2026-03-29 19:15:28.142 | INFO     | __main__:main_loop:24 - Scanning new opportunities & Boosted List...
2026-03-29 19:15:28.331 | ERROR    | __main__:main_loop:67 - Error: 'address'
Server closed the connection: 0 bytes read on a total of 8 expected bytes
2026-03-29 19:16:28.372 | INFO     | __main__:main_loop:24 - Scanning new opportunities & Boosted List...
2026-03-29 19:16:28.714 | ERROR    | __main__:main_loop:67 - Error: 'address'
Server closed the connection: 0 bytes read on a total of 8 expected bytes
2026-03-29 19:17:28.724 | INFO     | __main__:main_loop:24 - Scanning new opportunities & Boosted List...
2026-03-29 19:17:28.985 | ERROR    | __main__:main_loop:67 - Error: 'address'
2026-03-29 19:18:29.031 | INFO     | __main__:main_loop:24 - Scanning new opportunities & Boosted List...
2026-03-29 19:18:29.259 | ERROR    | __main__:main_loop:67 - Error: 'address'
Server closed the connection: 0 bytes read on a total of 8 expected bytes
2026-03-29 19:19:29.284 | INFO     | __main__:main_loop:24 - Scanning new opportunities & Boosted List...
2026-03-29 19:19:29.531 | ERROR    | __main__:main_loop:67 - Error: 'address'
Server closed the connection: 0 bytes read on a total of 8 expected bytes
2026-03-29 19:20:29.535 | INFO     | __main__:main_loop:24 - Scanning new opportunities & Boosted List...
2026-03-29 19:20:29.809 | ERROR    | __main__:main_loop:67 - Error: 'address'
2026-03-29 19:21:29.870 | INFO     | __main__:main_loop:24 - Scanning new opportunities & Boosted List...
2026-03-29 19:21:30.142 | ERROR    | __main__:main_loop:67 - Error: 'address'
Server closed the connection: 0 bytes read on a total of 8 expected bytes
2026-03-29 19:22:30.175 | INFO     | __main__:main_loop:24 - Scanning new opportunities & Boosted List...
2026-03-29 19:22:30.373 | ERROR    | __main__:main_loop:67 - Error: 'address'
Server closed the connection: 0 bytes read on a total of 8 expected bytes
2026-03-29 19:23:30.375 | INFO     | __main__:main_loop:24 - Scanning new opportunities & Boosted List...
2026-03-29 19:23:30.670 | ERROR    | __main__:main_loop:67 - Error: 'address'
2026-03-29 19:24:30.718 | INFO     | __main__:main_loop:24 - Scanning new opportunities & Boosted List...
2026-03-29 19:24:30.969 | ERROR    | __main__:main_loop:67 - Error: 'address'
Server closed the connection: 0 bytes read on a total of 8 expected bytes
2026-03-29 19:25:30.996 | INFO     | __main__:main_loop:24 - Scanning new opportunities & Boosted List...
2026-03-29 19:25:31.215 | ERROR    | __main__:main_loop:67 - Error: 'address'
2026-03-29 19:26:31.259 | INFO     | __main__:main_loop:24 - Scanning new opportunities & Boosted List...
2026-03-29 19:26:31.458 | ERROR    | __main__:main_loop:67 - Error: 'address'
Server closed the connection: 0 bytes read on a total of 8 expected bytes
2026-03-29 19:27:31.476 | INFO     | __main__:main_loop:24 - Scanning new opportunities & Boosted List...
2026-03-29 19:27:31.715 | ERROR    | __main__:main_loop:67 - Error: 'address'
Server closed the connection: 0 bytes read on a total of 8 expected bytes
2026-03-29 19:28:31.742 | INFO     | __main__:main_loop:24 - Scanning new opportunities & Boosted List...
2026-03-29 19:28:32.011 | ERROR    | __main__:main_loop:67 - Error: 'address'
2026-03-29 19:29:32.072 | INFO     | __main__:main_loop:24 - Scanning new opportunities & Boosted List...
2026-03-29 19:29:32.315 | ERROR    | __main__:main_loop:67 - Error: 'address'
Server closed the connection: 0 bytes read on a total of 8 expected bytes
2026-03-29 19:30:32.371 | INFO     | __main__:main_loop:24 - Scanning new opportunities & Boosted List...
2026-03-29 19:30:32.566 | ERROR    | __main__:main_loop:67 - Error: 'address'
Server closed the connection: 0 bytes read on a total of 8 expected bytes
2026-03-29 19:31:32.590 | INFO     | __main__:main_loop:24 - Scanning new opportunities & Boosted List...
2026-03-29 19:31:32.800 | ERROR    | __main__:main_loop:67 - Error: 'address'
2026-03-29 19:32:32.861 | INFO     | __main__:main_loop:24 - Scanning new opportunities & Boosted List...
2026-03-29 19:32:33.064 | ERROR    | __main__:main_loop:67 - Error: 'address'
Server closed the connection: 0 bytes read on a total of 8 expected bytes
2026-03-29 19:33:33.116 | INFO     | __main__:main_loop:24 - Scanning new opportunities & Boosted List...
2026-03-29 19:33:33.330 | ERROR    | __main__:main_loop:67 - Error: 'address'
Server closed the connection: 0 bytes read on a total of 8 expected bytes
2026-03-29 19:34:33.350 | INFO     | __main__:main_loop:24 - Scanning new opportunities & Boosted List...
2026-03-29 19:34:33.535 | ERROR    | __main__:main_loop:67 - Error: 'address'
2026-03-29 19:35:33.578 | INFO     | __main__:main_loop:24 - Scanning new opportunities & Boosted List...
2026-03-29 19:35:33.814 | ERROR    | __main__:main_loop:67 - Error: 'address'
Server closed the connection: 0 bytes read on a total of 8 expected bytes
2026-03-29 19:36:33.863 | INFO     | __main__:main_loop:24 - Scanning new opportunities & Boosted List...
2026-03-29 19:36:34.056 | ERROR    | __main__:main_loop:67 - Error: 'address'
Server closed the connection: 0 bytes read on a total of 8 expected bytes
2026-03-29 19:37:34.072 | INFO     | __main__:main_loop:24 - Scanning new opportunities & Boosted List...
2026-03-29 19:37:34.301 | ERROR    | __main__:main_loop:67 - Error: 'address'
2026-03-29 19:38:34.361 | INFO     | __main__:main_loop:24 - Scanning new opportunities & Boosted List...
2026-03-29 19:38:34.605 | ERROR    | __main__:main_loop:67 - Error: 'address'
Server closed the connection: 0 bytes read on a total of 8 expected bytes
2026-03-29 19:39:34.650 | INFO     | __main__:main_loop:24 - Scanning new opportunities & Boosted List...
2026-03-29 19:39:34.865 | ERROR    | __main__:main_loop:67 - Error: 'address'
Server closed the connection: 0 bytes read on a total of 8 expected bytes
2026-03-29 19:40:34.879 | INFO     | __main__:main_loop:24 - Scanning new opportunities & Boosted List...
2026-03-29 19:40:35.096 | ERROR    | __main__:main_loop:67 - Error: 'address'
2026-03-29 19:41:35.158 | INFO     | __main__:main_loop:24 - Scanning new opportunities & Boosted List...
2026-03-29 19:41:35.377 | ERROR    | __main__:main_loop:67 - Error: 'address'
Server closed the connection: 0 bytes read on a total of 8 expected bytes
2026-03-29 19:42:35.420 | INFO     | __main__:main_loop:24 - Scanning new opportunities & Boosted List...
2026-03-29 19:42:35.615 | ERROR    | __main__:main_loop:67 - Error: 'address'
Server closed the connection: 0 bytes read on a total of 8 expected bytes
2026-03-29 19:43:35.627 | INFO     | __main__:main_loop:24 - Scanning new opportunities & Boosted List...
2026-03-29 19:43:35.896 | ERROR    | __main__:main_loop:67 - Error: 'address'
2026-03-29 19:44:35.958 | INFO     | __main__:main_loop:24 - Scanning new opportunities & Boosted List...
2026-03-29 19:44:36.159 | ERROR    | __main__:main_loop:67 - Error: 'address'
Server closed the connection: 0 bytes read on a total of 8 expected bytes
2026-03-29 19:45:36.199 | INFO     | __main__:main_loop:24 - Scanning new opportunities & Boosted List...
2026-03-29 19:45:36.443 | ERROR    | __main__:main_loop:67 - Error: 'address'
Server closed the connection: 0 bytes read on a total of 8 expected bytes
2026-03-29 19:46:36.451 | INFO     | __main__:main_loop:24 - Scanning new opportunities & Boosted List...
2026-03-29 19:46:36.645 | ERROR    | __main__:main_loop:67 - Error: 'address'
2026-03-29 19:47:36.707 | INFO     | __main__:main_loop:24 - Scanning new opportunities & Boosted List...
2026-03-29 19:47:36.914 | ERROR    | __main__:main_loop:67 - Error: 'address'
Server closed the connection: 0 bytes read on a total of 8 expected bytes
2026-03-29 19:48:36.927 | INFO     | __main__:main_loop:24 - Scanning new opportunities & Boosted List...
2026-03-29 19:48:37.162 | ERROR    | __main__:main_loop:67 - Error: 'address'
Server closed the connection: 0 bytes read on a total of 8 expected bytes
2026-03-29 19:49:37.166 | INFO     | __main__:main_loop:24 - Scanning new opportunities & Boosted List...
2026-03-29 19:49:37.393 | ERROR    | __main__:main_loop:67 - Error: 'address'
2026-03-29 19:50:37.397 | INFO     | __main__:main_loop:24 - Scanning new opportunities & Boosted List...
2026-03-29 19:50:37.608 | ERROR    | __main__:main_loop:67 - Error: 'address'
Server closed the connection: 0 bytes read on a total of 8 expected bytes
